  Determining projects to restore...
  Restored g:\dev\game\plugins\framework\GameComposition\cs\Core\GameComposition.Core.csproj (in 81 ms).
g:\dev\game\plugins\framework\GameComposition\cs\Core\Types\TypedId.cs(13,7): warning CS1570: XML comment has badly formed XML -- 'End tag 'summary' does not match the start tag 'RecipeId'.' [g:\dev\game\plugins\framework\GameComposition\cs\Core\GameComposition.Core.csproj]
g:\dev\game\plugins\framework\GameComposition\cs\Core\Types\TypedId.cs(14,7): warning CS1570: XML comment has badly formed XML -- 'End tag 'summary' does not match the start tag 'OwnerId'.' [g:\dev\game\plugins\framework\GameComposition\cs\Core\GameComposition.Core.csproj]
g:\dev\game\plugins\framework\GameComposition\cs\Core\Types\TypedId.cs(15,1): warning CS1570: XML comment has badly formed XML -- 'Expected an end tag for element 'ShopId'.' [g:\dev\game\plugins\framework\GameComposition\cs\Core\GameComposition.Core.csproj]
g:\dev\game\plugins\framework\GameComposition\cs\Core\Types\TypedId.cs(15,1): warning CS1570: XML comment has badly formed XML -- 'Expected an end tag for element 'summary'.' [g:\dev\game\plugins\framework\GameComposition\cs\Core\GameComposition.Core.csproj]
g:\dev\game\plugins\framework\GameComposition\cs\Core\Results\OperationResult.cs(19,87): warning CS8625: Cannot convert null literal to non-nullable reference type. [g:\dev\game\plugins\framework\GameComposition\cs\Core\GameComposition.Core.csproj]
g:\dev\game\plugins\framework\GameComposition\cs\Core\Results\OperationResult.cs(40,94): warning CS8625: Cannot convert null literal to non-nullable reference type. [g:\dev\game\plugins\framework\GameComposition\cs\Core\GameComposition.Core.csproj]
g:\dev\game\plugins\framework\GameComposition\cs\Core\Results\OperationResult.cs(19,135): warning CS8625: Cannot convert null literal to non-nullable reference type. [g:\dev\game\plugins\framework\GameComposition\cs\Core\GameComposition.Core.csproj]
g:\dev\game\plugins\framework\GameComposition\cs\Core\Results\OperationResult.cs(40,142): warning CS8625: Cannot convert null literal to non-nullable reference type. [g:\dev\game\plugins\framework\GameComposition\cs\Core\GameComposition.Core.csproj]
g:\dev\game\plugins\framework\GameComposition\cs\Core\Types\Color.cs(31,30): warning CS8765: Nullability of type of parameter 'obj' doesn't match overridden member (possibly because of nullability attributes). [g:\dev\game\plugins\framework\GameComposition\cs\Core\GameComposition.Core.csproj]
g:\dev\game\plugins\framework\GameComposition\cs\Core\Results\OperationResult.cs(79,60): warning CS8625: Cannot convert null literal to non-nullable reference type. [g:\dev\game\plugins\framework\GameComposition\cs\Core\GameComposition.Core.csproj]
g:\dev\game\plugins\framework\GameComposition\cs\Core\Results\OperationResult.cs(79,84): warning CS8625: Cannot convert null literal to non-nullable reference type. [g:\dev\game\plugins\framework\GameComposition\cs\Core\GameComposition.Core.csproj]
g:\dev\game\plugins\framework\GameComposition\cs\Core\Results\OperationResult.cs(101,23): warning CS8618: Non-nullable property 'Code' must contain a non-null value when exiting constructor. Consider adding the 'required' modifier or declaring the property as nullable. [g:\dev\game\plugins\framework\GameComposition\cs\Core\GameComposition.Core.csproj]
g:\dev\game\plugins\framework\GameComposition\cs\Core\Results\OperationResult.cs(102,23): warning CS8618: Non-nullable property 'Message' must contain a non-null value when exiting constructor. Consider adding the 'required' modifier or declaring the property as nullable. [g:\dev\game\plugins\framework\GameComposition\cs\Core\GameComposition.Core.csproj]
g:\dev\game\plugins\framework\GameComposition\cs\Core\Results\OperationResult.cs(103,23): warning CS8618: Non-nullable property 'PropertyName' must contain a non-null value when exiting constructor. Consider adding the 'required' modifier or declaring the property as nullable. [g:\dev\game\plugins\framework\GameComposition\cs\Core\GameComposition.Core.csproj]
g:\dev\game\plugins\framework\GameComposition\cs\Core\Results\OperationResult.cs(104,23): warning CS8618: Non-nullable property 'AttemptedValue' must contain a non-null value when exiting constructor. Consider adding the 'required' modifier or declaring the property as nullable. [g:\dev\game\plugins\framework\GameComposition\cs\Core\GameComposition.Core.csproj]
g:\dev\game\plugins\framework\GameComposition\cs\Core\Events\TransactionEvent.cs(54,15): error CS7036: There is no argument given that corresponds to the required parameter 'source' of 'ServiceEvent.ServiceEvent(object, object?)' [g:\dev\game\plugins\framework\GameComposition\cs\Core\GameComposition.Core.csproj]
g:\dev\game\plugins\framework\GameComposition\cs\Core\Events\TransactionEvent.cs(56,9): error CS0200: Property or indexer 'ServiceEvent.Timestamp' cannot be assigned to -- it is read only [g:\dev\game\plugins\framework\GameComposition\cs\Core\GameComposition.Core.csproj]
g:\dev\game\plugins\framework\GameComposition\cs\Core\Results\OperationResult.cs(13,23): warning CS8618: Non-nullable property 'ErrorMessage' must contain a non-null value when exiting constructor. Consider adding the 'required' modifier or declaring the property as nullable. [g:\dev\game\plugins\framework\GameComposition\cs\Core\GameComposition.Core.csproj]
g:\dev\game\plugins\framework\GameComposition\cs\Core\Results\OperationResult.cs(14,23): warning CS8618: Non-nullable property 'ErrorCode' must contain a non-null value when exiting constructor. Consider adding the 'required' modifier or declaring the property as nullable. [g:\dev\game\plugins\framework\GameComposition\cs\Core\GameComposition.Core.csproj]
g:\dev\game\plugins\framework\GameComposition\cs\Core\Results\OperationResult.cs(15,43): warning CS8618: Non-nullable property 'ErrorDetails' must contain a non-null value when exiting constructor. Consider adding the 'required' modifier or declaring the property as nullable. [g:\dev\game\plugins\framework\GameComposition\cs\Core\GameComposition.Core.csproj]
g:\dev\game\plugins\framework\GameComposition\cs\Core\Events\TransactionEvent.cs(68,15): error CS7036: There is no argument given that corresponds to the required parameter 'source' of 'ServiceEvent.ServiceEvent(object, object?)' [g:\dev\game\plugins\framework\GameComposition\cs\Core\GameComposition.Core.csproj]
g:\dev\game\plugins\framework\GameComposition\cs\Core\Events\TransactionEvent.cs(82,9): error CS0200: Property or indexer 'ServiceEvent.Timestamp' cannot be assigned to -- it is read only [g:\dev\game\plugins\framework\GameComposition\cs\Core\GameComposition.Core.csproj]
g:\dev\game\plugins\framework\GameComposition\cs\Core\Results\OperationResult.cs(36,18): warning CS8618: Non-nullable property 'Value' must contain a non-null value when exiting constructor. Consider adding the 'required' modifier or declaring the property as nullable. [g:\dev\game\plugins\framework\GameComposition\cs\Core\GameComposition.Core.csproj]
g:\dev\game\plugins\framework\GameComposition\cs\Core\Types\TypedId.cs(120,19): error CS1061: 'string' does not contain a definition for 'Value' and no accessible extension method 'Value' accepting a first argument of type 'string' could be found (are you missing a using directive or an assembly reference?) [g:\dev\game\plugins\framework\GameComposition\cs\Core\GameComposition.Core.csproj]
g:\dev\game\plugins\framework\GameComposition\cs\Core\Types\InventoryResult.cs(57,76): error CS0019: Operator '<' cannot be applied to operands of type 'int' and 'object' [g:\dev\game\plugins\framework\GameComposition\cs\Core\GameComposition.Core.csproj]
g:\dev\game\plugins\framework\GameComposition\cs\Core\Types\InventoryItem.cs(204,9): error CS0200: Property or indexer 'InventoryItem.TotalValue' cannot be assigned to -- it is read only [g:\dev\game\plugins\framework\GameComposition\cs\Core\GameComposition.Core.csproj]
g:\dev\game\plugins\framework\GameComposition\cs\Core\Services\DI\ServiceRegistry.cs(279,41): warning CS8625: Cannot convert null literal to non-nullable reference type. [g:\dev\game\plugins\framework\GameComposition\cs\Core\GameComposition.Core.csproj]
g:\dev\game\plugins\framework\GameComposition\cs\Core\Services\DI\ServiceRegistry.cs(325,44): warning CS8625: Cannot convert null literal to non-nullable reference type. [g:\dev\game\plugins\framework\GameComposition\cs\Core\GameComposition.Core.csproj]

Build FAILED.

g:\dev\game\plugins\framework\GameComposition\cs\Core\Types\TypedId.cs(13,7): warning CS1570: XML comment has badly formed XML -- 'End tag 'summary' does not match the start tag 'RecipeId'.' [g:\dev\game\plugins\framework\GameComposition\cs\Core\GameComposition.Core.csproj]
g:\dev\game\plugins\framework\GameComposition\cs\Core\Types\TypedId.cs(14,7): warning CS1570: XML comment has badly formed XML -- 'End tag 'summary' does not match the start tag 'OwnerId'.' [g:\dev\game\plugins\framework\GameComposition\cs\Core\GameComposition.Core.csproj]
g:\dev\game\plugins\framework\GameComposition\cs\Core\Types\TypedId.cs(15,1): warning CS1570: XML comment has badly formed XML -- 'Expected an end tag for element 'ShopId'.' [g:\dev\game\plugins\framework\GameComposition\cs\Core\GameComposition.Core.csproj]
g:\dev\game\plugins\framework\GameComposition\cs\Core\Types\TypedId.cs(15,1): warning CS1570: XML comment has badly formed XML -- 'Expected an end tag for element 'summary'.' [g:\dev\game\plugins\framework\GameComposition\cs\Core\GameComposition.Core.csproj]
g:\dev\game\plugins\framework\GameComposition\cs\Core\Results\OperationResult.cs(19,87): warning CS8625: Cannot convert null literal to non-nullable reference type. [g:\dev\game\plugins\framework\GameComposition\cs\Core\GameComposition.Core.csproj]
g:\dev\game\plugins\framework\GameComposition\cs\Core\Results\OperationResult.cs(40,94): warning CS8625: Cannot convert null literal to non-nullable reference type. [g:\dev\game\plugins\framework\GameComposition\cs\Core\GameComposition.Core.csproj]
g:\dev\game\plugins\framework\GameComposition\cs\Core\Results\OperationResult.cs(19,135): warning CS8625: Cannot convert null literal to non-nullable reference type. [g:\dev\game\plugins\framework\GameComposition\cs\Core\GameComposition.Core.csproj]
g:\dev\game\plugins\framework\GameComposition\cs\Core\Results\OperationResult.cs(40,142): warning CS8625: Cannot convert null literal to non-nullable reference type. [g:\dev\game\plugins\framework\GameComposition\cs\Core\GameComposition.Core.csproj]
g:\dev\game\plugins\framework\GameComposition\cs\Core\Types\Color.cs(31,30): warning CS8765: Nullability of type of parameter 'obj' doesn't match overridden member (possibly because of nullability attributes). [g:\dev\game\plugins\framework\GameComposition\cs\Core\GameComposition.Core.csproj]
g:\dev\game\plugins\framework\GameComposition\cs\Core\Results\OperationResult.cs(79,60): warning CS8625: Cannot convert null literal to non-nullable reference type. [g:\dev\game\plugins\framework\GameComposition\cs\Core\GameComposition.Core.csproj]
g:\dev\game\plugins\framework\GameComposition\cs\Core\Results\OperationResult.cs(79,84): warning CS8625: Cannot convert null literal to non-nullable reference type. [g:\dev\game\plugins\framework\GameComposition\cs\Core\GameComposition.Core.csproj]
g:\dev\game\plugins\framework\GameComposition\cs\Core\Results\OperationResult.cs(101,23): warning CS8618: Non-nullable property 'Code' must contain a non-null value when exiting constructor. Consider adding the 'required' modifier or declaring the property as nullable. [g:\dev\game\plugins\framework\GameComposition\cs\Core\GameComposition.Core.csproj]
g:\dev\game\plugins\framework\GameComposition\cs\Core\Results\OperationResult.cs(102,23): warning CS8618: Non-nullable property 'Message' must contain a non-null value when exiting constructor. Consider adding the 'required' modifier or declaring the property as nullable. [g:\dev\game\plugins\framework\GameComposition\cs\Core\GameComposition.Core.csproj]
g:\dev\game\plugins\framework\GameComposition\cs\Core\Results\OperationResult.cs(103,23): warning CS8618: Non-nullable property 'PropertyName' must contain a non-null value when exiting constructor. Consider adding the 'required' modifier or declaring the property as nullable. [g:\dev\game\plugins\framework\GameComposition\cs\Core\GameComposition.Core.csproj]
g:\dev\game\plugins\framework\GameComposition\cs\Core\Results\OperationResult.cs(104,23): warning CS8618: Non-nullable property 'AttemptedValue' must contain a non-null value when exiting constructor. Consider adding the 'required' modifier or declaring the property as nullable. [g:\dev\game\plugins\framework\GameComposition\cs\Core\GameComposition.Core.csproj]
g:\dev\game\plugins\framework\GameComposition\cs\Core\Results\OperationResult.cs(13,23): warning CS8618: Non-nullable property 'ErrorMessage' must contain a non-null value when exiting constructor. Consider adding the 'required' modifier or declaring the property as nullable. [g:\dev\game\plugins\framework\GameComposition\cs\Core\GameComposition.Core.csproj]
g:\dev\game\plugins\framework\GameComposition\cs\Core\Results\OperationResult.cs(14,23): warning CS8618: Non-nullable property 'ErrorCode' must contain a non-null value when exiting constructor. Consider adding the 'required' modifier or declaring the property as nullable. [g:\dev\game\plugins\framework\GameComposition\cs\Core\GameComposition.Core.csproj]
g:\dev\game\plugins\framework\GameComposition\cs\Core\Results\OperationResult.cs(15,43): warning CS8618: Non-nullable property 'ErrorDetails' must contain a non-null value when exiting constructor. Consider adding the 'required' modifier or declaring the property as nullable. [g:\dev\game\plugins\framework\GameComposition\cs\Core\GameComposition.Core.csproj]
g:\dev\game\plugins\framework\GameComposition\cs\Core\Results\OperationResult.cs(36,18): warning CS8618: Non-nullable property 'Value' must contain a non-null value when exiting constructor. Consider adding the 'required' modifier or declaring the property as nullable. [g:\dev\game\plugins\framework\GameComposition\cs\Core\GameComposition.Core.csproj]
g:\dev\game\plugins\framework\GameComposition\cs\Core\Services\DI\ServiceRegistry.cs(279,41): warning CS8625: Cannot convert null literal to non-nullable reference type. [g:\dev\game\plugins\framework\GameComposition\cs\Core\GameComposition.Core.csproj]
g:\dev\game\plugins\framework\GameComposition\cs\Core\Services\DI\ServiceRegistry.cs(325,44): warning CS8625: Cannot convert null literal to non-nullable reference type. [g:\dev\game\plugins\framework\GameComposition\cs\Core\GameComposition.Core.csproj]
g:\dev\game\plugins\framework\GameComposition\cs\Core\Events\TransactionEvent.cs(54,15): error CS7036: There is no argument given that corresponds to the required parameter 'source' of 'ServiceEvent.ServiceEvent(object, object?)' [g:\dev\game\plugins\framework\GameComposition\cs\Core\GameComposition.Core.csproj]
g:\dev\game\plugins\framework\GameComposition\cs\Core\Events\TransactionEvent.cs(56,9): error CS0200: Property or indexer 'ServiceEvent.Timestamp' cannot be assigned to -- it is read only [g:\dev\game\plugins\framework\GameComposition\cs\Core\GameComposition.Core.csproj]
g:\dev\game\plugins\framework\GameComposition\cs\Core\Events\TransactionEvent.cs(68,15): error CS7036: There is no argument given that corresponds to the required parameter 'source' of 'ServiceEvent.ServiceEvent(object, object?)' [g:\dev\game\plugins\framework\GameComposition\cs\Core\GameComposition.Core.csproj]
g:\dev\game\plugins\framework\GameComposition\cs\Core\Events\TransactionEvent.cs(82,9): error CS0200: Property or indexer 'ServiceEvent.Timestamp' cannot be assigned to -- it is read only [g:\dev\game\plugins\framework\GameComposition\cs\Core\GameComposition.Core.csproj]
g:\dev\game\plugins\framework\GameComposition\cs\Core\Types\TypedId.cs(120,19): error CS1061: 'string' does not contain a definition for 'Value' and no accessible extension method 'Value' accepting a first argument of type 'string' could be found (are you missing a using directive or an assembly reference?) [g:\dev\game\plugins\framework\GameComposition\cs\Core\GameComposition.Core.csproj]
g:\dev\game\plugins\framework\GameComposition\cs\Core\Types\InventoryResult.cs(57,76): error CS0019: Operator '<' cannot be applied to operands of type 'int' and 'object' [g:\dev\game\plugins\framework\GameComposition\cs\Core\GameComposition.Core.csproj]
g:\dev\game\plugins\framework\GameComposition\cs\Core\Types\InventoryItem.cs(204,9): error CS0200: Property or indexer 'InventoryItem.TotalValue' cannot be assigned to -- it is read only [g:\dev\game\plugins\framework\GameComposition\cs\Core\GameComposition.Core.csproj]
    21 Warning(s)
    7 Error(s)

Time Elapsed 00:00:00.78
